<?xml version="1.0" encoding="UTF-8"?>
<!-- Generated by org.testng.reporters.JUnitXMLReporter -->
<testsuite hostname="gonens-MacBook-2.local" ignored="0" name="Default test" tests="3" failures="0" timestamp="2020-08-13T02:06:54 EDT" time="20.535" errors="0">
  <testcase name="verifyChatHeaderTest" time="10.099" classname="com.ispeakbetter.tests.HomePageTest"/>
  <testcase name="verifyHomePageTitleHeader" time="0.13" classname="com.ispeakbetter.tests.HomePageTest"/>
  <testcase name="verifyInvalidUserTest" time="1.372" classname="com.ispeakbetter.tests.HomePageTest"/>
</testsuite> <!-- Default test -->
