<?xml version="1.0" encoding="UTF-8"?>
<testng-results skipped="0" failed="0" ignored="0" total="3" passed="3">
  <reporter-output>
  </reporter-output>
  <suite name="Default suite" duration-ms="20535" started-at="2020-08-13T02:06:33 EDT" finished-at="2020-08-13T02:06:54 EDT">
    <groups>
    </groups>
    <test name="Default test" duration-ms="20535" started-at="2020-08-13T02:06:33 EDT" finished-at="2020-08-13T02:06:54 EDT">
      <class name="com.ispeakbetter.tests.HomePageTest">
        <test-method status="PASS" signature="setUp()[pri:0, instance:com.ispeakbetter.tests.HomePageTest@47da3952]" name="setUp" is-config="true" duration-ms="8263" started-at="2020-08-13T02:06:33 EDT" finished-at="2020-08-13T02:06:42 EDT">
          <reporter-output>
          </reporter-output>
        </test-method> <!-- setUp -->
        <test-method status="PASS" signature="verifyChatHeaderTest()[pri:1, instance:com.ispeakbetter.tests.HomePageTest@47da3952]" name="verifyChatHeaderTest" duration-ms="10099" started-at="2020-08-13T02:06:42 EDT" description="This method verifies chat box header" finished-at="2020-08-13T02:06:52 EDT">
          <reporter-output>
          </reporter-output>
        </test-method> <!-- verifyChatHeaderTest -->
        <test-method status="PASS" signature="verifyHomePageTitleHeader()[pri:2, instance:com.ispeakbetter.tests.HomePageTest@47da3952]" name="verifyHomePageTitleHeader" duration-ms="130" started-at="2020-08-13T02:06:52 EDT" description="This method verifies home page header" finished-at="2020-08-13T02:06:52 EDT">
          <reporter-output>
          </reporter-output>
        </test-method> <!-- verifyHomePageTitleHeader -->
        <test-method status="PASS" signature="verifyInvalidUserTest()[pri:3, instance:com.ispeakbetter.tests.HomePageTest@47da3952]" name="verifyInvalidUserTest" duration-ms="1372" started-at="2020-08-13T02:06:52 EDT" description="Login test is using invalid username and invalid password." finished-at="2020-08-13T02:06:54 EDT">
          <reporter-output>
          </reporter-output>
        </test-method> <!-- verifyInvalidUserTest -->
        <test-method status="PASS" signature="tearDown()[pri:0, instance:com.ispeakbetter.tests.HomePageTest@47da3952]" name="tearDown" is-config="true" duration-ms="266" started-at="2020-08-13T02:06:54 EDT" finished-at="2020-08-13T02:06:54 EDT">
          <reporter-output>
          </reporter-output>
        </test-method> <!-- tearDown -->
      </class> <!-- com.ispeakbetter.tests.HomePageTest -->
    </test> <!-- Default test -->
  </suite> <!-- Default suite -->
</testng-results>
